

Started GET "/" for 127.0.0.1 at 2015-08-18 14:40:43 -0700

ActiveRecord::PendingMigrationError (Migrations are pending; run 'rake db:migrate RAILS_ENV=development' to resolve this issue.):
  activerecord (4.0.0) lib/active_record/migration.rb:379:in `check_pending!'
  activerecord (4.0.0) lib/active_record/migration.rb:366:in `call'
  actionpack (4.0.0) lib/action_dispatch/middleware/callbacks.rb:29:in `block in call'
  activesupport (4.0.0) lib/active_support/callbacks.rb:373:in `_run__1294921246190436353__call__callbacks'
  activesupport (4.0.0) lib/active_support/callbacks.rb:80:in `run_callbacks'
  actionpack (4.0.0) lib/action_dispatch/middleware/callbacks.rb:27:in `call'
  actionpack (4.0.0) lib/action_dispatch/middleware/reloader.rb:64:in `call'
  actionpack (4.0.0) lib/action_dispatch/middleware/remote_ip.rb:76:in `call'
  actionpack (4.0.0) lib/action_dispatch/middleware/debug_exceptions.rb:17:in `call'
  actionpack (4.0.0) lib/action_dispatch/middleware/show_exceptions.rb:30:in `call'
  railties (4.0.0) lib/rails/rack/logger.rb:38:in `call_app'
  railties (4.0.0) lib/rails/rack/logger.rb:21:in `block in call'
  activesupport (4.0.0) lib/active_support/tagged_logging.rb:67:in `block in tagged'
  activesupport (4.0.0) lib/active_support/tagged_logging.rb:25:in `tagged'
  activesupport (4.0.0) lib/active_support/tagged_logging.rb:67:in `tagged'
  railties (4.0.0) lib/rails/rack/logger.rb:21:in `call'
  actionpack (4.0.0) lib/action_dispatch/middleware/request_id.rb:21:in `call'
  rack (1.5.2) lib/rack/methodoverride.rb:21:in `call'
  rack (1.5.2) lib/rack/runtime.rb:17:in `call'
  activesupport (4.0.0) lib/active_support/cache/strategy/local_cache.rb:83:in `call'
  rack (1.5.2) lib/rack/lock.rb:17:in `call'
  actionpack (4.0.0) lib/action_dispatch/middleware/static.rb:64:in `call'
  railties (4.0.0) lib/rails/engine.rb:511:in `call'
  railties (4.0.0) lib/rails/application.rb:97:in `call'
  rack (1.5.2) lib/rack/lock.rb:17:in `call'
  rack (1.5.2) lib/rack/content_length.rb:14:in `call'
  rack (1.5.2) lib/rack/handler/webrick.rb:60:in `service'
  /usr/lib/ruby/2.2.0/webrick/httpserver.rb:138:in `service'
  /usr/lib/ruby/2.2.0/webrick/httpserver.rb:94:in `run'
  /usr/lib/ruby/2.2.0/webrick/server.rb:294:in `block in start_thread'


  Rendered /var/lib/gems/2.2.0/gems/actionpack-4.0.0/lib/action_dispatch/middleware/templates/rescues/_source.erb (3.1ms)
  Rendered /var/lib/gems/2.2.0/gems/actionpack-4.0.0/lib/action_dispatch/middleware/templates/rescues/_trace.erb (6.8ms)
  Rendered /var/lib/gems/2.2.0/gems/actionpack-4.0.0/lib/action_dispatch/middleware/templates/rescues/_request_and_response.erb (5.4ms)
  Rendered /var/lib/gems/2.2.0/gems/actionpack-4.0.0/lib/action_dispatch/middleware/templates/rescues/diagnostics.erb within rescues/layout (65.8ms)


Started GET "/" for 127.0.0.1 at 2015-08-18 14:41:39 -0700

ActiveRecord::PendingMigrationError (Migrations are pending; run 'rake db:migrate RAILS_ENV=development' to resolve this issue.):
  activerecord (4.0.0) lib/active_record/migration.rb:379:in `check_pending!'
  activerecord (4.0.0) lib/active_record/migration.rb:366:in `call'
  actionpack (4.0.0) lib/action_dispatch/middleware/callbacks.rb:29:in `block in call'
  activesupport (4.0.0) lib/active_support/callbacks.rb:373:in `_run__1294921246190436353__call__callbacks'
  activesupport (4.0.0) lib/active_support/callbacks.rb:80:in `run_callbacks'
  actionpack (4.0.0) lib/action_dispatch/middleware/callbacks.rb:27:in `call'
  actionpack (4.0.0) lib/action_dispatch/middleware/reloader.rb:64:in `call'
  actionpack (4.0.0) lib/action_dispatch/middleware/remote_ip.rb:76:in `call'
  actionpack (4.0.0) lib/action_dispatch/middleware/debug_exceptions.rb:17:in `call'
  actionpack (4.0.0) lib/action_dispatch/middleware/show_exceptions.rb:30:in `call'
  railties (4.0.0) lib/rails/rack/logger.rb:38:in `call_app'
  railties (4.0.0) lib/rails/rack/logger.rb:21:in `block in call'
  activesupport (4.0.0) lib/active_support/tagged_logging.rb:67:in `block in tagged'
  activesupport (4.0.0) lib/active_support/tagged_logging.rb:25:in `tagged'
  activesupport (4.0.0) lib/active_support/tagged_logging.rb:67:in `tagged'
  railties (4.0.0) lib/rails/rack/logger.rb:21:in `call'
  actionpack (4.0.0) lib/action_dispatch/middleware/request_id.rb:21:in `call'
  rack (1.5.2) lib/rack/methodoverride.rb:21:in `call'
  rack (1.5.2) lib/rack/runtime.rb:17:in `call'
  activesupport (4.0.0) lib/active_support/cache/strategy/local_cache.rb:83:in `call'
  rack (1.5.2) lib/rack/lock.rb:17:in `call'
  actionpack (4.0.0) lib/action_dispatch/middleware/static.rb:64:in `call'
  railties (4.0.0) lib/rails/engine.rb:511:in `call'
  railties (4.0.0) lib/rails/application.rb:97:in `call'
  rack (1.5.2) lib/rack/lock.rb:17:in `call'
  rack (1.5.2) lib/rack/content_length.rb:14:in `call'
  rack (1.5.2) lib/rack/handler/webrick.rb:60:in `service'
  /usr/lib/ruby/2.2.0/webrick/httpserver.rb:138:in `service'
  /usr/lib/ruby/2.2.0/webrick/httpserver.rb:94:in `run'
  /usr/lib/ruby/2.2.0/webrick/server.rb:294:in `block in start_thread'


  Rendered /var/lib/gems/2.2.0/gems/actionpack-4.0.0/lib/action_dispatch/middleware/templates/rescues/_source.erb (3.5ms)
  Rendered /var/lib/gems/2.2.0/gems/actionpack-4.0.0/lib/action_dispatch/middleware/templates/rescues/_trace.erb (7.3ms)
  Rendered /var/lib/gems/2.2.0/gems/actionpack-4.0.0/lib/action_dispatch/middleware/templates/rescues/_request_and_response.erb (5.4ms)
  Rendered /var/lib/gems/2.2.0/gems/actionpack-4.0.0/lib/action_dispatch/middleware/templates/rescues/diagnostics.erb within rescues/layout (62.8ms)
  [1m[36m (16.8ms)[0m  [1mCREATE TABLE "schema_migrations" ("version" varchar(255) NOT NULL) [0m
  [1m[35m (15.6ms)[0m  CREATE UNIQUE INDEX "unique_schema_migrations" ON "schema_migrations" ("version")
  [1m[36mActiveRecord::SchemaMigration Load (0.6ms)[0m  [1mSELECT "schema_migrations".* FROM "schema_migrations"[0m
Migrating to CreateMovies (20131117174426)
  [1m[35m (0.3ms)[0m  begin transaction
  [1m[36m (1.8ms)[0m  [1mCREATE TABLE "movies" ("id" INTEGER PRIMARY KEY AUTOINCREMENT NOT NULL, "title" varchar(255), "director" varchar(255), "runtime_in_minutes" integer, "description" text, "poster_image_url" varchar(255), "release_date" datetime, "created_at" datetime, "updated_at" datetime) [0m
  [1m[35mSQL (0.9ms)[0m  INSERT INTO "schema_migrations" ("version") VALUES (?)  [["version", "20131117174426"]]
  [1m[36m (19.9ms)[0m  [1mcommit transaction[0m
Migrating to CreateUsers (20131117200213)
  [1m[35m (2.0ms)[0m  begin transaction
  [1m[36m (1.3ms)[0m  [1mCREATE TABLE "users" ("id" INTEGER PRIMARY KEY AUTOINCREMENT NOT NULL, "email" varchar(255), "password_digest" varchar(255), "created_at" datetime, "updated_at" datetime) [0m
  [1m[35mSQL (0.7ms)[0m  INSERT INTO "schema_migrations" ("version") VALUES (?)  [["version", "20131117200213"]]
  [1m[36m (14.7ms)[0m  [1mcommit transaction[0m
Migrating to AddFirstnameAndLastnameToUsers (20131117200831)
  [1m[35m (0.3ms)[0m  begin transaction
  [1m[36m (1.5ms)[0m  [1mALTER TABLE "users" ADD "firstname" varchar(255)[0m
  [1m[35m (0.9ms)[0m  ALTER TABLE "users" ADD "lastname" varchar(255)
  [1m[36mSQL (0.8ms)[0m  [1mINSERT INTO "schema_migrations" ("version") VALUES (?)[0m  [["version", "20131117200831"]]
  [1m[35m (13.8ms)[0m  commit transaction
Migrating to CreateReviews (20131117211410)
  [1m[36m (0.3ms)[0m  [1mbegin transaction[0m
  [1m[35m (1.4ms)[0m  CREATE TABLE "reviews" ("id" INTEGER PRIMARY KEY AUTOINCREMENT NOT NULL, "user_id" integer, "movie_id" integer, "text" text, "rating_out_of_ten" integer, "created_at" datetime, "updated_at" datetime) 
  [1m[36m (0.7ms)[0m  [1mCREATE INDEX "index_reviews_on_user_id" ON "reviews" ("user_id")[0m
  [1m[35m (0.7ms)[0m  CREATE INDEX "index_reviews_on_movie_id" ON "reviews" ("movie_id")
  [1m[36mSQL (0.7ms)[0m  [1mINSERT INTO "schema_migrations" ("version") VALUES (?)[0m  [["version", "20131117211410"]]
  [1m[35m (16.5ms)[0m  commit transaction
  [1m[36mActiveRecord::SchemaMigration Load (0.7ms)[0m  [1mSELECT "schema_migrations".* FROM "schema_migrations"[0m


Started GET "/" for 127.0.0.1 at 2015-08-18 14:42:02 -0700
  [1m[36mActiveRecord::SchemaMigration Load (0.8ms)[0m  [1mSELECT "schema_migrations".* FROM "schema_migrations"[0m
Processing by MoviesController#index as HTML
  [1m[35mMovie Load (0.9ms)[0m  SELECT "movies".* FROM "movies"
  Rendered movies/index.html.erb within layouts/application (8.0ms)
  Rendered layouts/_footer.html.erb (4.3ms)
Completed 200 OK in 4066ms (Views: 3977.5ms | ActiveRecord: 0.9ms)


Started GET "/assets/application.css?body=1" for 127.0.0.1 at 2015-08-18 14:42:06 -0700


Started GET "/assets/movies.css?body=1" for 127.0.0.1 at 2015-08-18 14:42:06 -0700


Started GET "/assets/reviews.css?body=1" for 127.0.0.1 at 2015-08-18 14:42:06 -0700


Started GET "/assets/users.css?body=1" for 127.0.0.1 at 2015-08-18 14:42:06 -0700


Started GET "/assets/sessions.css?body=1" for 127.0.0.1 at 2015-08-18 14:42:06 -0700


Started GET "/assets/turbolinks.js?body=1" for 127.0.0.1 at 2015-08-18 14:42:06 -0700


Started GET "/assets/jquery.js?body=1" for 127.0.0.1 at 2015-08-18 14:42:06 -0700


Started GET "/assets/jquery_ujs.js?body=1" for 127.0.0.1 at 2015-08-18 14:42:06 -0700


Started GET "/assets/movies.js?body=1" for 127.0.0.1 at 2015-08-18 14:42:06 -0700


Started GET "/assets/reviews.js?body=1" for 127.0.0.1 at 2015-08-18 14:42:06 -0700


Started GET "/assets/sessions.js?body=1" for 127.0.0.1 at 2015-08-18 14:42:06 -0700


Started GET "/assets/application.js?body=1" for 127.0.0.1 at 2015-08-18 14:42:06 -0700


Started GET "/assets/users.js?body=1" for 127.0.0.1 at 2015-08-18 14:42:07 -0700


Started GET "/movies/new" for 127.0.0.1 at 2015-08-18 14:42:10 -0700
Processing by MoviesController#new as HTML
  Rendered movies/_form.html.erb (246.2ms)
  Rendered movies/new.html.erb within layouts/application (253.5ms)
  Rendered layouts/_footer.html.erb (26.5ms)
Completed 200 OK in 332ms (Views: 321.3ms | ActiveRecord: 1.9ms)


Started POST "/movies" for 127.0.0.1 at 2015-08-18 14:42:49 -0700
Processing by MoviesController#create as HTML
  Parameters: {"utf8"=>"✓", "authenticity_token"=>"0dnosagXEdcQBezqIxLY7R5zaB/k70cY68SzONgkMEw=", "movie"=>{"title"=>"Evangelion", "release_date"=>"2016-03-12", "director"=>"Toriyama", "runtime_in_minutes"=>"143", "poster_image_url"=>"", "description"=>"evangelion continued"}, "commit"=>"Submit"}
Completed 500 Internal Server Error in 6ms

NoMethodError (undefined method `year' for nil:NilClass):
  app/controllers/movies_controller.rb:20:in `create'


  Rendered /var/lib/gems/2.2.0/gems/actionpack-4.0.0/lib/action_dispatch/middleware/templates/rescues/_source.erb (4.4ms)
  Rendered /var/lib/gems/2.2.0/gems/actionpack-4.0.0/lib/action_dispatch/middleware/templates/rescues/_trace.erb (7.9ms)
  Rendered /var/lib/gems/2.2.0/gems/actionpack-4.0.0/lib/action_dispatch/middleware/templates/rescues/_request_and_response.erb (6.2ms)
  Rendered /var/lib/gems/2.2.0/gems/actionpack-4.0.0/lib/action_dispatch/middleware/templates/rescues/diagnostics.erb within rescues/layout (64.5ms)


Started POST "/movies" for 127.0.0.1 at 2015-08-18 14:50:39 -0700
Processing by MoviesController#create as HTML
  Parameters: {"utf8"=>"✓", "authenticity_token"=>"0dnosagXEdcQBezqIxLY7R5zaB/k70cY68SzONgkMEw=", "movie"=>{"title"=>"Evangelion", "release_date"=>"2016-03-12", "director"=>"Toriyama", "runtime_in_minutes"=>"143", "poster_image_url"=>"", "description"=>"evangelion continued"}, "commit"=>"Submit"}
Completed 500 Internal Server Error in 6ms

NoMethodError (undefined method `year' for nil:NilClass):
  app/controllers/movies_controller.rb:20:in `create'


  Rendered /var/lib/gems/2.2.0/gems/actionpack-4.0.0/lib/action_dispatch/middleware/templates/rescues/_source.erb (4.4ms)
  Rendered /var/lib/gems/2.2.0/gems/actionpack-4.0.0/lib/action_dispatch/middleware/templates/rescues/_trace.erb (8.4ms)
  Rendered /var/lib/gems/2.2.0/gems/actionpack-4.0.0/lib/action_dispatch/middleware/templates/rescues/_request_and_response.erb (6.4ms)
  Rendered /var/lib/gems/2.2.0/gems/actionpack-4.0.0/lib/action_dispatch/middleware/templates/rescues/diagnostics.erb within rescues/layout (65.3ms)


Started GET "/" for 127.0.0.1 at 2015-08-18 14:50:45 -0700
Processing by MoviesController#index as HTML
  [1m[36mMovie Load (0.8ms)[0m  [1mSELECT "movies".* FROM "movies"[0m
  Rendered movies/index.html.erb within layouts/application (4.4ms)
  Rendered layouts/_footer.html.erb (1.2ms)
Completed 200 OK in 58ms (Views: 54.9ms | ActiveRecord: 0.8ms)


Started GET "/" for 127.0.0.1 at 2015-08-18 14:50:45 -0700
Processing by MoviesController#index as HTML
  [1m[35mMovie Load (0.7ms)[0m  SELECT "movies".* FROM "movies"
  Rendered movies/index.html.erb within layouts/application (4.6ms)
  Rendered layouts/_footer.html.erb (2.4ms)
Completed 200 OK in 46ms (Views: 42.4ms | ActiveRecord: 0.7ms)


Started GET "/assets/application.css?body=1" for 127.0.0.1 at 2015-08-18 14:50:45 -0700


Started GET "/assets/movies.css?body=1" for 127.0.0.1 at 2015-08-18 14:50:45 -0700


Started GET "/assets/sessions.css?body=1" for 127.0.0.1 at 2015-08-18 14:50:45 -0700


Started GET "/assets/reviews.js?body=1" for 127.0.0.1 at 2015-08-18 14:50:45 -0700


Started GET "/assets/users.css?body=1" for 127.0.0.1 at 2015-08-18 14:50:45 -0700


Started GET "/assets/reviews.css?body=1" for 127.0.0.1 at 2015-08-18 14:50:45 -0700


Started GET "/assets/movies.js?body=1" for 127.0.0.1 at 2015-08-18 14:50:45 -0700


Started GET "/assets/sessions.js?body=1" for 127.0.0.1 at 2015-08-18 14:50:45 -0700


Started GET "/assets/users.js?body=1" for 127.0.0.1 at 2015-08-18 14:50:45 -0700


Started GET "/assets/application.js?body=1" for 127.0.0.1 at 2015-08-18 14:50:45 -0700


Started GET "/users/new" for 127.0.0.1 at 2015-08-18 14:50:48 -0700
Processing by UsersController#new as HTML
  Rendered users/new.html.erb within layouts/application (111.0ms)
  Rendered layouts/_footer.html.erb (1.4ms)
Completed 200 OK in 226ms (Views: 145.6ms | ActiveRecord: 2.2ms)


Started POST "/users" for 127.0.0.1 at 2015-08-18 14:50:59 -0700
Processing by UsersController#create as HTML
  Parameters: {"utf8"=>"✓", "authenticity_token"=>"0dnosagXEdcQBezqIxLY7R5zaB/k70cY68SzONgkMEw=", "user"=>{"email"=>"alejandro-sanudo@hotmail.com", "firstname"=>"alex", "lastname"=>"sanudo", "password"=>"[FILTERED]", "password_confirmation"=>"[FILTERED]"}, "commit"=>"Submit"}
  [1m[36m (0.5ms)[0m  [1mbegin transaction[0m
Binary data inserted for `string` type on column `password_digest`
  [1m[35mSQL (42.1ms)[0m  INSERT INTO "users" ("created_at", "email", "firstname", "lastname", "password_digest", "updated_at") VALUES (?, ?, ?, ?, ?, ?)  [["created_at", Tue, 18 Aug 2015 21:50:59 UTC +00:00], ["email", "alejandro-sanudo@hotmail.com"], ["firstname", "alex"], ["lastname", "sanudo"], ["password_digest", "$2a$10$Tasr6j7ZVl7teLIvlDT/ZeugBEOxoOtOVfqCGiCdWHd6HKx8lEo/m"], ["updated_at", Tue, 18 Aug 2015 21:50:59 UTC +00:00]]
  [1m[36m (16.1ms)[0m  [1mcommit transaction[0m
Redirected to http://localhost:3000/movies
Completed 302 Found in 315ms (ActiveRecord: 58.7ms)


Started GET "/movies" for 127.0.0.1 at 2015-08-18 14:50:59 -0700
Processing by MoviesController#index as HTML
  [1m[35mMovie Load (0.7ms)[0m  SELECT "movies".* FROM "movies"
  Rendered movies/index.html.erb within layouts/application (3.4ms)
  [1m[36mUser Load (1.1ms)[0m  [1mSELECT "users".* FROM "users" WHERE "users"."id" = ? LIMIT 1[0m  [["id", 1]]
  Rendered layouts/_footer.html.erb (11.9ms)
Completed 200 OK in 52ms (Views: 47.1ms | ActiveRecord: 1.7ms)


Started GET "/assets/application.css?body=1" for 127.0.0.1 at 2015-08-18 14:51:00 -0700


Started GET "/assets/reviews.css?body=1" for 127.0.0.1 at 2015-08-18 14:51:00 -0700


Started GET "/assets/sessions.css?body=1" for 127.0.0.1 at 2015-08-18 14:51:00 -0700


Started GET "/assets/users.css?body=1" for 127.0.0.1 at 2015-08-18 14:51:00 -0700


Started GET "/assets/movies.css?body=1" for 127.0.0.1 at 2015-08-18 14:51:00 -0700


Started GET "/assets/movies.js?body=1" for 127.0.0.1 at 2015-08-18 14:51:00 -0700


Started GET "/assets/users.js?body=1" for 127.0.0.1 at 2015-08-18 14:51:00 -0700


Started GET "/assets/sessions.js?body=1" for 127.0.0.1 at 2015-08-18 14:51:00 -0700


Started GET "/assets/reviews.js?body=1" for 127.0.0.1 at 2015-08-18 14:51:00 -0700


Started GET "/assets/application.js?body=1" for 127.0.0.1 at 2015-08-18 14:51:00 -0700


Started GET "/movies/new" for 127.0.0.1 at 2015-08-18 14:51:10 -0700
Processing by MoviesController#new as HTML
  Rendered movies/_form.html.erb (20.8ms)
  Rendered movies/new.html.erb within layouts/application (24.9ms)
  [1m[35mUser Load (0.5ms)[0m  SELECT "users".* FROM "users" WHERE "users"."id" = ? LIMIT 1  [["id", 1]]
  Rendered layouts/_footer.html.erb (4.8ms)
Completed 200 OK in 63ms (Views: 59.8ms | ActiveRecord: 0.5ms)


Started POST "/movies" for 127.0.0.1 at 2015-08-18 14:51:52 -0700
Processing by MoviesController#create as HTML
  Parameters: {"utf8"=>"✓", "authenticity_token"=>"0dnosagXEdcQBezqIxLY7R5zaB/k70cY68SzONgkMEw=", "movie"=>{"title"=>"adsf", "release_date"=>"2015-07-30", "director"=>"adsf", "runtime_in_minutes"=>"13", "poster_image_url"=>"http://i.ytimg.com/vi/u0c_UR8-Q6U/hqdefault.jpg", "description"=>"sadfsaf"}, "commit"=>"Submit"}
Completed 500 Internal Server Error in 6ms

NoMethodError (undefined method `year' for nil:NilClass):
  app/controllers/movies_controller.rb:20:in `create'


  Rendered /var/lib/gems/2.2.0/gems/actionpack-4.0.0/lib/action_dispatch/middleware/templates/rescues/_source.erb (13.9ms)
  Rendered /var/lib/gems/2.2.0/gems/actionpack-4.0.0/lib/action_dispatch/middleware/templates/rescues/_trace.erb (7.2ms)
  Rendered /var/lib/gems/2.2.0/gems/actionpack-4.0.0/lib/action_dispatch/middleware/templates/rescues/_request_and_response.erb (6.0ms)
  Rendered /var/lib/gems/2.2.0/gems/actionpack-4.0.0/lib/action_dispatch/middleware/templates/rescues/diagnostics.erb within rescues/layout (73.1ms)


Started POST "/movies" for 127.0.0.1 at 2015-08-18 14:55:28 -0700
Processing by MoviesController#create as HTML
  Parameters: {"utf8"=>"✓", "authenticity_token"=>"0dnosagXEdcQBezqIxLY7R5zaB/k70cY68SzONgkMEw=", "movie"=>{"title"=>"adsf", "release_date"=>"", "director"=>"adsf", "runtime_in_minutes"=>"13", "poster_image_url"=>"http://i.ytimg.com/vi/u0c_UR8-Q6U/hqdefault.jpg", "description"=>"sadfsaf"}, "commit"=>"Submit"}
  [1m[36m (0.4ms)[0m  [1mbegin transaction[0m
  [1m[35m (0.3ms)[0m  rollback transaction
  Rendered movies/_form.html.erb (30.1ms)
  Rendered movies/new.html.erb within layouts/application (35.4ms)
  [1m[36mUser Load (0.5ms)[0m  [1mSELECT "users".* FROM "users" WHERE "users"."id" = ? LIMIT 1[0m  [["id", 1]]
  Rendered layouts/_footer.html.erb (4.9ms)
Completed 200 OK in 93ms (Views: 71.1ms | ActiveRecord: 1.2ms)


Started GET "/assets/application.css?body=1" for 127.0.0.1 at 2015-08-18 14:55:29 -0700


Started GET "/assets/sessions.css?body=1" for 127.0.0.1 at 2015-08-18 14:55:29 -0700


Started GET "/assets/movies.css?body=1" for 127.0.0.1 at 2015-08-18 14:55:29 -0700


Started GET "/assets/users.css?body=1" for 127.0.0.1 at 2015-08-18 14:55:29 -0700


Started GET "/assets/reviews.js?body=1" for 127.0.0.1 at 2015-08-18 14:55:29 -0700


Started GET "/assets/reviews.css?body=1" for 127.0.0.1 at 2015-08-18 14:55:29 -0700


Started GET "/assets/movies.js?body=1" for 127.0.0.1 at 2015-08-18 14:55:29 -0700


Started GET "/assets/sessions.js?body=1" for 127.0.0.1 at 2015-08-18 14:55:29 -0700


Started GET "/assets/users.js?body=1" for 127.0.0.1 at 2015-08-18 14:55:29 -0700


Started GET "/assets/application.js?body=1" for 127.0.0.1 at 2015-08-18 14:55:29 -0700


Started POST "/movies" for 127.0.0.1 at 2015-08-18 14:55:35 -0700
Processing by MoviesController#create as HTML
  Parameters: {"utf8"=>"✓", "authenticity_token"=>"0dnosagXEdcQBezqIxLY7R5zaB/k70cY68SzONgkMEw=", "movie"=>{"title"=>"adsf", "release_date"=>"2015-08-06", "director"=>"adsf", "runtime_in_minutes"=>"13", "poster_image_url"=>"http://i.ytimg.com/vi/u0c_UR8-Q6U/hqdefault.jpg", "description"=>"sadfsaf"}, "commit"=>"Submit"}
Completed 500 Internal Server Error in 6ms

NoMethodError (undefined method `year' for nil:NilClass):
  app/controllers/movies_controller.rb:20:in `create'


  Rendered /var/lib/gems/2.2.0/gems/actionpack-4.0.0/lib/action_dispatch/middleware/templates/rescues/_source.erb (3.8ms)
  Rendered /var/lib/gems/2.2.0/gems/actionpack-4.0.0/lib/action_dispatch/middleware/templates/rescues/_trace.erb (7.6ms)
  Rendered /var/lib/gems/2.2.0/gems/actionpack-4.0.0/lib/action_dispatch/middleware/templates/rescues/_request_and_response.erb (5.7ms)
  Rendered /var/lib/gems/2.2.0/gems/actionpack-4.0.0/lib/action_dispatch/middleware/templates/rescues/diagnostics.erb within rescues/layout (63.4ms)


Started POST "/movies" for 127.0.0.1 at 2015-08-18 14:55:59 -0700
Processing by MoviesController#create as HTML
  Parameters: {"utf8"=>"✓", "authenticity_token"=>"0dnosagXEdcQBezqIxLY7R5zaB/k70cY68SzONgkMEw=", "movie"=>{"title"=>"adsf", "release_date"=>"2015-08-06", "director"=>"adsf", "runtime_in_minutes"=>"13", "poster_image_url"=>"http://i.ytimg.com/vi/u0c_UR8-Q6U/hqdefault.jpg", "description"=>"sadfsaf"}, "commit"=>"Submit"}
Completed 500 Internal Server Error in 16ms

NoMethodError (undefined method `pry' for #<Binding:0x00000003f26f40>):
  app/controllers/movies_controller.rb:20:in `create'


  Rendered /var/lib/gems/2.2.0/gems/actionpack-4.0.0/lib/action_dispatch/middleware/templates/rescues/_source.erb (3.7ms)
  Rendered /var/lib/gems/2.2.0/gems/actionpack-4.0.0/lib/action_dispatch/middleware/templates/rescues/_trace.erb (7.1ms)
  Rendered /var/lib/gems/2.2.0/gems/actionpack-4.0.0/lib/action_dispatch/middleware/templates/rescues/_request_and_response.erb (5.9ms)
  Rendered /var/lib/gems/2.2.0/gems/actionpack-4.0.0/lib/action_dispatch/middleware/templates/rescues/diagnostics.erb within rescues/layout (62.0ms)


Started POST "/movies" for 127.0.0.1 at 2015-08-18 14:56:14 -0700
Processing by MoviesController#create as HTML
  Parameters: {"utf8"=>"✓", "authenticity_token"=>"0dnosagXEdcQBezqIxLY7R5zaB/k70cY68SzONgkMEw=", "movie"=>{"title"=>"adsf", "release_date"=>"2015-08-06", "director"=>"adsf", "runtime_in_minutes"=>"13", "poster_image_url"=>"http://i.ytimg.com/vi/u0c_UR8-Q6U/hqdefault.jpg", "description"=>"sadfsaf"}, "commit"=>"Submit"}
Completed 500 Internal Server Error in 718432ms

NoMethodError (undefined method `year' for nil:NilClass):
  app/controllers/movies_controller.rb:22:in `create'


  Rendered /var/lib/gems/2.2.0/gems/actionpack-4.0.0/lib/action_dispatch/middleware/templates/rescues/_source.erb (4.1ms)
  Rendered /var/lib/gems/2.2.0/gems/actionpack-4.0.0/lib/action_dispatch/middleware/templates/rescues/_trace.erb (7.0ms)
  Rendered /var/lib/gems/2.2.0/gems/actionpack-4.0.0/lib/action_dispatch/middleware/templates/rescues/_request_and_response.erb (5.7ms)
  Rendered /var/lib/gems/2.2.0/gems/actionpack-4.0.0/lib/action_dispatch/middleware/templates/rescues/diagnostics.erb within rescues/layout (62.3ms)
  [1m[36m (0.5ms)[0m  [1mbegin transaction[0m
  [1m[35m (0.4ms)[0m  rollback transaction
  [1m[36m (0.4ms)[0m  [1mbegin transaction[0m
  [1m[35mSQL (10.3ms)[0m  INSERT INTO "movies" ("created_at", "description", "director", "poster_image_url", "release_date", "runtime_in_minutes", "title", "updated_at") VALUES (?, ?, ?, ?, ?, ?, ?, ?)  [["created_at", Tue, 18 Aug 2015 22:13:54 UTC +00:00], ["description", "asdffdsa"], ["director", "something"], ["poster_image_url", "fffdsa"], ["release_date", Tue, 18 Aug 2015 22:13:28 UTC +00:00], ["runtime_in_minutes", 123], ["title", "asdf"], ["updated_at", Tue, 18 Aug 2015 22:13:54 UTC +00:00]]
  [1m[36m (16.2ms)[0m  [1mcommit transaction[0m


Started GET "/movies" for 127.0.0.1 at 2015-08-18 15:17:27 -0700
  [1m[36mActiveRecord::SchemaMigration Load (0.7ms)[0m  [1mSELECT "schema_migrations".* FROM "schema_migrations"[0m
Processing by MoviesController#index as HTML
  [1m[35mMovie Load (0.9ms)[0m  SELECT "movies".* FROM "movies"
  [1m[36m (9.7ms)[0m  [1mSELECT SUM("reviews"."rating_out_of_ten") AS sum_id FROM "reviews" WHERE "reviews"."movie_id" = ?[0m  [["movie_id", 1]]
  Rendered movies/index.html.erb within layouts/application (316.5ms)
Completed 500 Internal Server Error in 413ms

ActionView::Template::Error (undefined method `name' for nil:NilClass):
    3: <hr>
    4: <% @movies.each do |movie| %>
    5:   <%= link_to image_tag(movie.poster_image_url), movie_path(movie) %>
    6:   <h2><%= link_to movie.title, movie_path(movie) %> | <%= movie.review_average %>/10</h2>
    7:   <h3><%= formatted_date(movie.release_date) %></h3>
    8:   <h4>Dir. <%= movie.director %> | <%= movie.runtime_in_minutes %> minutes</h4>
    9:   <p><%= movie.description %></p>
  app/models/movie.rb:26:in `review_average'
  app/views/movies/index.html.erb:6:in `block in _app_views_movies_index_html_erb__136279667295675019_7107860'
  app/views/movies/index.html.erb:4:in `_app_views_movies_index_html_erb__136279667295675019_7107860'


  Rendered /var/lib/gems/2.2.0/gems/actionpack-4.0.0/lib/action_dispatch/middleware/templates/rescues/_trace.erb (13.4ms)
  Rendered /var/lib/gems/2.2.0/gems/actionpack-4.0.0/lib/action_dispatch/middleware/templates/rescues/_request_and_response.erb (9.3ms)
  Rendered /var/lib/gems/2.2.0/gems/actionpack-4.0.0/lib/action_dispatch/middleware/templates/rescues/template_error.erb within rescues/layout (63.8ms)


Started GET "/" for 127.0.0.1 at 2015-08-18 15:17:42 -0700
Processing by MoviesController#index as HTML
  [1m[35mMovie Load (0.9ms)[0m  SELECT "movies".* FROM "movies"
  [1m[36m (0.5ms)[0m  [1mSELECT SUM("reviews"."rating_out_of_ten") AS sum_id FROM "reviews" WHERE "reviews"."movie_id" = ?[0m  [["movie_id", 1]]
  Rendered movies/index.html.erb within layouts/application (42.0ms)
Completed 500 Internal Server Error in 54ms

ActionView::Template::Error (undefined method `name' for nil:NilClass):
    3: <hr>
    4: <% @movies.each do |movie| %>
    5:   <%= link_to image_tag(movie.poster_image_url), movie_path(movie) %>
    6:   <h2><%= link_to movie.title, movie_path(movie) %> | <%= movie.review_average %>/10</h2>
    7:   <h3><%= formatted_date(movie.release_date) %></h3>
    8:   <h4>Dir. <%= movie.director %> | <%= movie.runtime_in_minutes %> minutes</h4>
    9:   <p><%= movie.description %></p>
  app/models/movie.rb:26:in `review_average'
  app/views/movies/index.html.erb:6:in `block in _app_views_movies_index_html_erb__136279667295675019_7107860'
  app/views/movies/index.html.erb:4:in `_app_views_movies_index_html_erb__136279667295675019_7107860'


  Rendered /var/lib/gems/2.2.0/gems/actionpack-4.0.0/lib/action_dispatch/middleware/templates/rescues/_trace.erb (33.3ms)
  Rendered /var/lib/gems/2.2.0/gems/actionpack-4.0.0/lib/action_dispatch/middleware/templates/rescues/_request_and_response.erb (5.5ms)
  Rendered /var/lib/gems/2.2.0/gems/actionpack-4.0.0/lib/action_dispatch/middleware/templates/rescues/template_error.erb within rescues/layout (78.5ms)


Started GET "/" for 127.0.0.1 at 2015-08-18 15:18:04 -0700
Processing by MoviesController#index as HTML
  [1m[35mMovie Load (0.8ms)[0m  SELECT "movies".* FROM "movies"
  [1m[36m (0.5ms)[0m  [1mSELECT SUM("reviews"."rating_out_of_ten") AS sum_id FROM "reviews" WHERE "reviews"."movie_id" = ?[0m  [["movie_id", 1]]
  Rendered movies/index.html.erb within layouts/application (29.7ms)
Completed 500 Internal Server Error in 39ms

ActionView::Template::Error (undefined method `name' for nil:NilClass):
    3: <hr>
    4: <% @movies.each do |movie| %>
    5:   <%= link_to image_tag(movie.poster_image_url), movie_path(movie) %>
    6:   <h2><%= link_to movie.title, movie_path(movie) %> | <%= movie.review_average %>/10</h2>
    7:   <h3><%= formatted_date(movie.release_date) %></h3>
    8:   <h4>Dir. <%= movie.director %> | <%= movie.runtime_in_minutes %> minutes</h4>
    9:   <p><%= movie.description %></p>
  app/models/movie.rb:26:in `review_average'
  app/views/movies/index.html.erb:6:in `block in _app_views_movies_index_html_erb__136279667295675019_7107860'
  app/views/movies/index.html.erb:4:in `_app_views_movies_index_html_erb__136279667295675019_7107860'


  Rendered /var/lib/gems/2.2.0/gems/actionpack-4.0.0/lib/action_dispatch/middleware/templates/rescues/_trace.erb (8.0ms)
  Rendered /var/lib/gems/2.2.0/gems/actionpack-4.0.0/lib/action_dispatch/middleware/templates/rescues/_request_and_response.erb (5.5ms)
  Rendered /var/lib/gems/2.2.0/gems/actionpack-4.0.0/lib/action_dispatch/middleware/templates/rescues/template_error.erb within rescues/layout (48.9ms)


Started GET "/" for 127.0.0.1 at 2015-08-18 15:18:25 -0700
Processing by MoviesController#index as HTML
  [1m[35mMovie Load (2.0ms)[0m  SELECT "movies".* FROM "movies"
  [1m[36m (0.6ms)[0m  [1mSELECT SUM("reviews"."rating_out_of_ten") AS sum_id FROM "reviews" WHERE "reviews"."movie_id" = ?[0m  [["movie_id", 1]]
  Rendered movies/index.html.erb within layouts/application (186.7ms)
Completed 500 Internal Server Error in 219ms

ActionView::Template::Error (undefined method `name' for nil:NilClass):
    3: <hr>
    4: <% @movies.each do |movie| %>
    5:   <%= link_to image_tag(movie.poster_image_url), movie_path(movie) %>
    6:   <h2><%= link_to movie.title, movie_path(movie) %> | <%= movie.review_average %>/10</h2>
    7:   <h3><%= formatted_date(movie.release_date) %></h3>
    8:   <h4>Dir. <%= movie.director %> | <%= movie.runtime_in_minutes %> minutes</h4>
    9:   <p><%= movie.description %></p>
  app/models/movie.rb:26:in `review_average'
  app/views/movies/index.html.erb:6:in `block in _app_views_movies_index_html_erb__136279667295675019_7107860'
  app/views/movies/index.html.erb:4:in `_app_views_movies_index_html_erb__136279667295675019_7107860'


  Rendered /var/lib/gems/2.2.0/gems/actionpack-4.0.0/lib/action_dispatch/middleware/templates/rescues/_trace.erb (7.7ms)
  Rendered /var/lib/gems/2.2.0/gems/actionpack-4.0.0/lib/action_dispatch/middleware/templates/rescues/_request_and_response.erb (5.2ms)
  Rendered /var/lib/gems/2.2.0/gems/actionpack-4.0.0/lib/action_dispatch/middleware/templates/rescues/template_error.erb within rescues/layout (48.4ms)


Started GET "/" for 127.0.0.1 at 2015-08-18 15:19:13 -0700
Processing by MoviesController#index as HTML
  [1m[35mMovie Load (0.9ms)[0m  SELECT "movies".* FROM "movies"
  [1m[36m (0.5ms)[0m  [1mSELECT SUM("reviews"."rating_out_of_ten") AS sum_id FROM "reviews" WHERE "reviews"."movie_id" = ?[0m  [["movie_id", 1]]
  Rendered movies/index.html.erb within layouts/application (30.8ms)
Completed 500 Internal Server Error in 41ms

ActionView::Template::Error (undefined method `name' for nil:NilClass):
    3: <hr>
    4: <% @movies.each do |movie| %>
    5:   <%= link_to image_tag(movie.poster_image_url), movie_path(movie) %>
    6:   <h2><%= link_to movie.title, movie_path(movie) %> | <%= movie.review_average %>/10</h2>
    7:   <h3><%= formatted_date(movie.release_date) %></h3>
    8:   <h4>Dir. <%= movie.director %> | <%= movie.runtime_in_minutes %> minutes</h4>
    9:   <p><%= movie.description %></p>
  app/models/movie.rb:26:in `review_average'
  app/views/movies/index.html.erb:6:in `block in _app_views_movies_index_html_erb__136279667295675019_7107860'
  app/views/movies/index.html.erb:4:in `_app_views_movies_index_html_erb__136279667295675019_7107860'


  Rendered /var/lib/gems/2.2.0/gems/actionpack-4.0.0/lib/action_dispatch/middleware/templates/rescues/_trace.erb (8.3ms)
  Rendered /var/lib/gems/2.2.0/gems/actionpack-4.0.0/lib/action_dispatch/middleware/templates/rescues/_request_and_response.erb (6.4ms)
  Rendered /var/lib/gems/2.2.0/gems/actionpack-4.0.0/lib/action_dispatch/middleware/templates/rescues/template_error.erb within rescues/layout (50.6ms)


Started GET "/" for 127.0.0.1 at 2015-08-18 15:19:14 -0700
Processing by MoviesController#index as HTML
  [1m[35mMovie Load (0.9ms)[0m  SELECT "movies".* FROM "movies"
  [1m[36m (0.5ms)[0m  [1mSELECT SUM("reviews"."rating_out_of_ten") AS sum_id FROM "reviews" WHERE "reviews"."movie_id" = ?[0m  [["movie_id", 1]]
  Rendered movies/index.html.erb within layouts/application (34.6ms)
Completed 500 Internal Server Error in 49ms

ActionView::Template::Error (undefined method `name' for nil:NilClass):
    3: <hr>
    4: <% @movies.each do |movie| %>
    5:   <%= link_to image_tag(movie.poster_image_url), movie_path(movie) %>
    6:   <h2><%= link_to movie.title, movie_path(movie) %> | <%= movie.review_average %>/10</h2>
    7:   <h3><%= formatted_date(movie.release_date) %></h3>
    8:   <h4>Dir. <%= movie.director %> | <%= movie.runtime_in_minutes %> minutes</h4>
    9:   <p><%= movie.description %></p>
  app/models/movie.rb:26:in `review_average'
  app/views/movies/index.html.erb:6:in `block in _app_views_movies_index_html_erb__136279667295675019_7107860'
  app/views/movies/index.html.erb:4:in `_app_views_movies_index_html_erb__136279667295675019_7107860'


  Rendered /var/lib/gems/2.2.0/gems/actionpack-4.0.0/lib/action_dispatch/middleware/templates/rescues/_trace.erb (8.3ms)
  Rendered /var/lib/gems/2.2.0/gems/actionpack-4.0.0/lib/action_dispatch/middleware/templates/rescues/_request_and_response.erb (5.5ms)
  Rendered /var/lib/gems/2.2.0/gems/actionpack-4.0.0/lib/action_dispatch/middleware/templates/rescues/template_error.erb within rescues/layout (51.0ms)


Started GET "/" for 127.0.0.1 at 2015-08-18 15:22:26 -0700
  [1m[36mActiveRecord::SchemaMigration Load (0.8ms)[0m  [1mSELECT "schema_migrations".* FROM "schema_migrations"[0m
Processing by MoviesController#index as HTML
  [1m[35mMovie Load (0.9ms)[0m  SELECT "movies".* FROM "movies"
  [1m[36m (10.0ms)[0m  [1mSELECT SUM("reviews"."rating_out_of_ten") AS sum_id FROM "reviews" WHERE "reviews"."movie_id" = ?[0m  [["movie_id", 1]]
  Rendered movies/index.html.erb within layouts/application (274.2ms)
Completed 500 Internal Server Error in 366ms

ActionView::Template::Error (undefined method `name' for nil:NilClass):
    3: <hr>
    4: <% @movies.each do |movie| %>
    5:   <%= link_to image_tag(movie.poster_image_url), movie_path(movie) %>
    6:   <h2><%= link_to movie.title, movie_path(movie) %> | <%= movie.review_average %>/10</h2>
    7:   <h3><%= formatted_date(movie.release_date) %></h3>
    8:   <h4>Dir. <%= movie.director %> | <%= movie.runtime_in_minutes %> minutes</h4>
    9:   <p><%= movie.description %></p>
  app/models/movie.rb:26:in `review_average'
  app/views/movies/index.html.erb:6:in `block in _app_views_movies_index_html_erb___871789955455230249_19847080'
  app/views/movies/index.html.erb:4:in `_app_views_movies_index_html_erb___871789955455230249_19847080'


  Rendered /var/lib/gems/2.2.0/gems/actionpack-4.0.0/lib/action_dispatch/middleware/templates/rescues/_trace.erb (12.6ms)
  Rendered /var/lib/gems/2.2.0/gems/actionpack-4.0.0/lib/action_dispatch/middleware/templates/rescues/_request_and_response.erb (8.8ms)
  Rendered /var/lib/gems/2.2.0/gems/actionpack-4.0.0/lib/action_dispatch/middleware/templates/rescues/template_error.erb within rescues/layout (59.9ms)
  [1m[36mActiveRecord::SchemaMigration Load (0.7ms)[0m  [1mSELECT "schema_migrations".* FROM "schema_migrations"[0m
  [1m[35mActiveRecord::SchemaMigration Load (0.6ms)[0m  SELECT "schema_migrations".* FROM "schema_migrations"


Started GET "/" for 127.0.0.1 at 2015-08-18 15:23:28 -0700
  [1m[36mActiveRecord::SchemaMigration Load (0.7ms)[0m  [1mSELECT "schema_migrations".* FROM "schema_migrations"[0m
Processing by MoviesController#index as HTML
  [1m[35mMovie Load (0.9ms)[0m  SELECT "movies".* FROM "movies"
  [1m[36m (10.1ms)[0m  [1mSELECT SUM("reviews"."rating_out_of_ten") AS sum_id FROM "reviews" WHERE "reviews"."movie_id" = ?[0m  [["movie_id", 1]]
  Rendered movies/index.html.erb within layouts/application (278.1ms)
Completed 500 Internal Server Error in 369ms

ActionView::Template::Error (undefined method `name' for nil:NilClass):
    3: <hr>
    4: <% @movies.each do |movie| %>
    5:   <%= link_to image_tag(movie.poster_image_url), movie_path(movie) %>
    6:   <h2><%= link_to movie.title, movie_path(movie) %> | <%= movie.review_average %>/10</h2>
    7:   <h3><%= formatted_date(movie.release_date) %></h3>
    8:   <h4>Dir. <%= movie.director %> | <%= movie.runtime_in_minutes %> minutes</h4>
    9:   <p><%= movie.description %></p>
  app/models/movie.rb:26:in `review_average'
  app/views/movies/index.html.erb:6:in `block in _app_views_movies_index_html_erb__1358062689145892247_13198800'
  app/views/movies/index.html.erb:4:in `_app_views_movies_index_html_erb__1358062689145892247_13198800'


  Rendered /var/lib/gems/2.2.0/gems/actionpack-4.0.0/lib/action_dispatch/middleware/templates/rescues/_trace.erb (11.4ms)
  Rendered /var/lib/gems/2.2.0/gems/actionpack-4.0.0/lib/action_dispatch/middleware/templates/rescues/_request_and_response.erb (8.8ms)
  Rendered /var/lib/gems/2.2.0/gems/actionpack-4.0.0/lib/action_dispatch/middleware/templates/rescues/template_error.erb within rescues/layout (72.9ms)


Started GET "/" for 127.0.0.1 at 2015-08-18 15:23:30 -0700
Processing by MoviesController#index as HTML
  [1m[35mMovie Load (0.9ms)[0m  SELECT "movies".* FROM "movies"
  [1m[36m (0.6ms)[0m  [1mSELECT SUM("reviews"."rating_out_of_ten") AS sum_id FROM "reviews" WHERE "reviews"."movie_id" = ?[0m  [["movie_id", 1]]
  Rendered movies/index.html.erb within layouts/application (41.9ms)
Completed 500 Internal Server Error in 55ms

ActionView::Template::Error (undefined method `name' for nil:NilClass):
    3: <hr>
    4: <% @movies.each do |movie| %>
    5:   <%= link_to image_tag(movie.poster_image_url), movie_path(movie) %>
    6:   <h2><%= link_to movie.title, movie_path(movie) %> | <%= movie.review_average %>/10</h2>
    7:   <h3><%= formatted_date(movie.release_date) %></h3>
    8:   <h4>Dir. <%= movie.director %> | <%= movie.runtime_in_minutes %> minutes</h4>
    9:   <p><%= movie.description %></p>
  app/models/movie.rb:26:in `review_average'
  app/views/movies/index.html.erb:6:in `block in _app_views_movies_index_html_erb__1358062689145892247_13198800'
  app/views/movies/index.html.erb:4:in `_app_views_movies_index_html_erb__1358062689145892247_13198800'


  Rendered /var/lib/gems/2.2.0/gems/actionpack-4.0.0/lib/action_dispatch/middleware/templates/rescues/_trace.erb (10.2ms)
  Rendered /var/lib/gems/2.2.0/gems/actionpack-4.0.0/lib/action_dispatch/middleware/templates/rescues/_request_and_response.erb (6.9ms)
  Rendered /var/lib/gems/2.2.0/gems/actionpack-4.0.0/lib/action_dispatch/middleware/templates/rescues/template_error.erb within rescues/layout (56.5ms)


Started GET "/" for 127.0.0.1 at 2015-08-18 16:31:21 -0700
  [1m[36mActiveRecord::SchemaMigration Load (0.7ms)[0m  [1mSELECT "schema_migrations".* FROM "schema_migrations"[0m
Processing by MoviesController#index as HTML
  [1m[35mMovie Load (1.0ms)[0m  SELECT "movies".* FROM "movies"
  [1m[36m (13.5ms)[0m  [1mSELECT SUM("reviews"."rating_out_of_ten") AS sum_id FROM "reviews" WHERE "reviews"."movie_id" = ?[0m  [["movie_id", 1]]
  [1m[35mCACHE (0.1ms)[0m  SELECT SUM("reviews"."rating_out_of_ten") AS sum_id FROM "reviews" WHERE "reviews"."movie_id" = ?  [["movie_id", 1]]
  Rendered movies/index.html.erb within layouts/application (5084.9ms)
Completed 500 Internal Server Error in 271237ms

ActionView::Template::Error (undefined method `name' for nil:NilClass):
    4: <% @movies.each do |movie| %>
    5: <% binding.pry %>
    6:   <%= link_to image_tag(movie.poster_image_url), movie_path(movie) %>
    7:   <h2><%= link_to movie.title, movie_path(movie) %> | <%= movie.review_average %>/10</h2>
    8:   <h3><%= formatted_date(movie.release_date) %></h3>
    9:   <h4>Dir. <%= movie.director %> | <%= movie.runtime_in_minutes %> minutes</h4>
   10:   <p><%= movie.description %></p>
  app/models/movie.rb:26:in `review_average'
  app/views/movies/index.html.erb:7:in `block in _app_views_movies_index_html_erb__2806950282425098081_26936720'
  app/views/movies/index.html.erb:4:in `_app_views_movies_index_html_erb__2806950282425098081_26936720'


  Rendered /var/lib/gems/2.2.0/gems/actionpack-4.0.0/lib/action_dispatch/middleware/templates/rescues/_trace.erb (8.2ms)
  Rendered /var/lib/gems/2.2.0/gems/actionpack-4.0.0/lib/action_dispatch/middleware/templates/rescues/_request_and_response.erb (5.8ms)
  Rendered /var/lib/gems/2.2.0/gems/actionpack-4.0.0/lib/action_dispatch/middleware/templates/rescues/template_error.erb within rescues/layout (49.9ms)
  [1m[36mMovie Load (5.3ms)[0m  [1mSELECT "movies".* FROM "movies"[0m
  [1m[35mUser Load (0.9ms)[0m  SELECT "users".* FROM "users"
  [1m[36mReview Load (0.9ms)[0m  [1mSELECT "reviews".* FROM "reviews"[0m
  [1m[35m (0.4ms)[0m  begin transaction
  [1m[36m (0.4ms)[0m  [1mrollback transaction[0m
  [1m[35m (0.4ms)[0m  begin transaction
  [1m[36m (0.4ms)[0m  [1mrollback transaction[0m
  [1m[35mMovie Load (8.9ms)[0m  SELECT "movies".* FROM "movies" WHERE "movies"."id" = ? LIMIT 1  [["id", 1]]
  [1m[36m (1.1ms)[0m  [1mSELECT SUM("reviews"."rating_out_of_ten") AS sum_id FROM "reviews" WHERE "reviews"."movie_id" = ?[0m  [["movie_id", 1]]
  [1m[35m (0.5ms)[0m  SELECT SUM("reviews"."rating_out_of_ten") AS sum_id FROM "reviews" WHERE "reviews"."movie_id" = ?  [["movie_id", 1]]
